<?xml version="1.0" encoding="UTF-8"?>
<testsuite name="com.server.dosopt.seminar.ServerSeminarApplicationTests" tests="1" skipped="0" failures="0" errors="0" timestamp="2023-10-07T07:24:09" hostname="seogmihyeui-MacBookPro.local" time="0.197">
  <properties/>
  <testcase name="contextLoads()" classname="com.server.dosopt.seminar.ServerSeminarApplicationTests" time="0.197"/>
  <system-out><![CDATA[16:24:08.990 [Test worker] DEBUG org.springframework.boot.test.context.SpringBootTestContextBootstrapper -- Neither @ContextConfiguration nor @ContextHierarchy found for test class [ServerSeminarApplicationTests]: using SpringBootContextLoader
16:24:08.992 [Test worker] DEBUG org.springframework.test.context.support.AbstractContextLoader -- Could not detect default resource locations for test class [com.server.dosopt.seminar.ServerSeminarApplicationTests]: no resource found for suffixes {-context.xml, Context.groovy}.
16:24:08.993 [Test worker] INFO org.springframework.test.context.support.AnnotationConfigContextLoaderUtils -- Could not detect default configuration classes for test class [com.server.dosopt.seminar.ServerSeminarApplicationTests]: ServerSeminarApplicationTests does not declare any static, non-private, non-final, nested classes annotated with @Configuration.
16:24:09.005 [Test worker] DEBUG org.springframework.boot.test.context.SpringBootTestContextBootstrapper -- Using ContextCustomizers for test class [ServerSeminarApplicationTests]: [DisableObservabilityContextCustomizer, PropertyMappingContextCustomizer, WebDriverContextCustomizer, ExcludeFilterContextCustomizer, DuplicateJsonObjectContextCustomizer, MockitoContextCustomizer, TestRestTemplateContextCustomizer]
16:24:09.040 [Test worker] DEBUG org.springframework.context.annotation.ClassPathScanningCandidateComponentProvider -- Identified candidate component class: file [/Users/mihye/Desktop/SOPT/세미나/Week1/seminar/build/classes/java/main/com/server/dosopt/seminar/ServerSeminarApplication.class]
16:24:09.041 [Test worker] INFO org.springframework.boot.test.context.SpringBootTestContextBootstrapper -- Found @SpringBootConfiguration com.server.dosopt.seminar.ServerSeminarApplication for test class com.server.dosopt.seminar.ServerSeminarApplicationTests
16:24:09.088 [Test worker] DEBUG org.springframework.test.context.util.TestContextSpringFactoriesUtils -- Skipping candidate TestExecutionListener [org.springframework.test.context.observation.MicrometerObservationRegistryTestExecutionListener] due to a missing dependency. Specify custom TestExecutionListener classes or make the default TestExecutionListener classes and their required dependencies available. Offending class: io.micrometer.context.ThreadLocalAccessor. MicrometerObservationRegistryTestExecutionListener requires io.micrometer:micrometer-observation:1.10.8 or higher and io.micrometer:context-propagation:1.0.3 or higher.
16:24:09.088 [Test worker] DEBUG org.springframework.test.context.util.TestContextSpringFactoriesUtils -- Skipping candidate TestExecutionListener [org.springframework.test.context.transaction.TransactionalTestExecutionListener] due to a missing dependency. Specify custom TestExecutionListener classes or make the default TestExecutionListener classes and their required dependencies available. Offending class: org/springframework/transaction/interceptor/TransactionAttributeSource
16:24:09.089 [Test worker] DEBUG org.springframework.test.context.util.TestContextSpringFactoriesUtils -- Skipping candidate TestExecutionListener [org.springframework.test.context.jdbc.SqlScriptsTestExecutionListener] due to a missing dependency. Specify custom TestExecutionListener classes or make the default TestExecutionListener classes and their required dependencies available. Offending class: org/springframework/transaction/interceptor/TransactionAttribute
16:24:09.090 [Test worker] DEBUG org.springframework.boot.test.context.SpringBootTestContextBootstrapper -- Using TestExecutionListeners for test class [ServerSeminarApplicationTests]: [ServletTestExecutionListener, DirtiesContextBeforeModesTestExecutionListener, ApplicationEventsTestExecutionListener, MockitoTestExecutionListener, DependencyInjectionTestExecutionListener, DirtiesContextTestExecutionListener, EventPublishingTestExecutionListener, RestDocsTestExecutionListener, MockRestServiceServerResetTestExecutionListener, MockMvcPrintOnlyOnFailureTestExecutionListener, WebDriverTestExecutionListener, MockWebServiceServerTestExecutionListener, ResetMocksTestExecutionListener]
16:24:09.091 [Test worker] DEBUG org.springframework.test.context.support.DirtiesContextBeforeModesTestExecutionListener -- Before test class: class [ServerSeminarApplicationTests], class annotated with @DirtiesContext [false] with mode [null]

  .   ____          _            __ _ _
 /\\ / ___'_ __ _ _(_)_ __  __ _ \ \ \ \
( ( )\___ | '_ | '_| | '_ \/ _` | \ \ \ \
 \\/  ___)| |_)| | | | | || (_| |  ) ) ) )
  '  |____| .__|_| |_|_| |_\__, | / / / /
 =========|_|==============|___/=/_/_/_/
 :: Spring Boot ::               (v3.0.11)

2023-10-07T16:24:09.219+09:00  INFO 24572 --- [    Test worker] c.s.d.s.ServerSeminarApplicationTests    : Starting ServerSeminarApplicationTests using Java 20.0.1 with PID 24572 (started by mihye in /Users/mihye/Desktop/SOPT/세미나/Week1/seminar)
2023-10-07T16:24:09.219+09:00  INFO 24572 --- [    Test worker] c.s.d.s.ServerSeminarApplicationTests    : No active profile set, falling back to 1 default profile: "default"
2023-10-07T16:24:09.733+09:00  INFO 24572 --- [    Test worker] c.s.d.s.ServerSeminarApplicationTests    : Started ServerSeminarApplicationTests in 0.622 seconds (process running for 1.181)
]]></system-out>
  <system-err><![CDATA[]]></system-err>
</testsuite>
